3-25-2024 09:52:32-log: Cannot access game frame or container.
3-25-2024 09:52:32-debug: asset-db:require-engine-code (1467ms)
3-25-2024 09:52:32-log: Cocos Creator v3.8.0
3-25-2024 09:52:32-debug: [Assets Memory track]: asset-db:worker-init: initEngine start:14.60MB, end 88.17MB, increase: 73.57MB
3-25-2024 09:52:33-debug: [Assets Memory track]: asset-db-plugin-register: programming start:88.89MB, end 95.33MB, increase: 6.45MB
3-25-2024 09:52:33-debug: [Assets Memory track]: asset-db:worker-init: initPlugin start:88.18MB, end 91.68MB, increase: 3.51MB
3-25-2024 09:52:33-debug: asset-db:worker-init: initPlugin (459ms)
3-25-2024 09:52:33-debug: Run asset db hook programming:beforePreStart ...
3-25-2024 09:52:33-debug: Run asset db hook programming:beforePreStart success!
3-25-2024 09:52:33-debug: [Assets Memory track]: asset-db:worker-init start:14.60MB, end 91.73MB, increase: 77.13MB
3-25-2024 09:52:33-debug: Run asset db hook engine-extends:beforePreStart ...
3-25-2024 09:52:33-debug: Run asset db hook engine-extends:beforePreStart success!
3-25-2024 09:52:34-debug: asset-db:worker-init (3468ms)
3-25-2024 09:52:34-debug: asset-db-hook-engine-extends-beforePreStart (1005ms)
3-25-2024 09:52:34-debug: asset-db-hook-programming-beforePreStart (1006ms)
3-25-2024 09:52:34-debug: Preimport db internal success
3-25-2024 09:52:34-debug: Preimport db assets success
3-25-2024 09:52:34-debug: Run asset db hook programming:afterPreStart ...
3-25-2024 09:52:37-debug: run package(builder) handler(enable) start
3-25-2024 09:52:43-debug: [Assets Memory track]: asset-db-plugin-enable: builder start:107.06MB, end 238.65MB, increase: 131.59MB
3-25-2024 09:52:43-debug: run package(builder) handler(enable) success!
3-25-2024 09:52:43-debug: run package(shortcuts) handler(enable) success!
3-25-2024 09:52:43-debug: run package(about) handler(enable) start
3-25-2024 09:52:43-debug: run package(shortcuts) handler(enable) start
3-25-2024 09:52:43-debug: run package(animation-graph) handler(enable) start
3-25-2024 09:52:43-debug: run package(about) handler(enable) success!
3-25-2024 09:52:43-debug: run package(animation-graph) handler(enable) success!
3-25-2024 09:52:43-debug: run package(assets) handler(enable) start
3-25-2024 09:52:43-debug: run package(assets) handler(enable) success!
3-25-2024 09:52:43-debug: run package(console) handler(enable) success!
3-25-2024 09:52:43-debug: run package(crash-reporter) handler(enable) start
3-25-2024 09:52:43-debug: run package(crash-reporter) handler(enable) success!
3-25-2024 09:52:43-debug: run package(console) handler(enable) start
3-25-2024 09:52:43-debug: run package(extension) handler(enable) success!
3-25-2024 09:52:43-debug: run package(hierarchy) handler(enable) success!
3-25-2024 09:52:43-debug: run package(hierarchy) handler(enable) start
3-25-2024 09:52:43-debug: run package(inspector) handler(enable) start
3-25-2024 09:52:43-debug: run package(inspector) handler(enable) success!
3-25-2024 09:52:43-debug: run package(extension) handler(enable) start
3-25-2024 09:52:43-debug: run package(light-probe) handler(enable) start
3-25-2024 09:52:43-debug: run package(light-probe) handler(enable) success!
3-25-2024 09:52:43-debug: run package(lightmap) handler(enable) start
3-25-2024 09:52:43-debug: run package(lightmap) handler(enable) success!
3-25-2024 09:52:43-debug: run package(node-library) handler(enable) success!
3-25-2024 09:52:43-debug: run package(package-asset) handler(enable) success!
3-25-2024 09:52:43-debug: run package(package-asset) handler(enable) start
3-25-2024 09:52:43-debug: run package(process) handler(enable) start
3-25-2024 09:52:43-debug: run package(process) handler(enable) success!
3-25-2024 09:52:43-debug: run package(reference-image) handler(enable) start
3-25-2024 09:52:43-debug: run package(reflection-probe) handler(enable) start
3-25-2024 09:52:43-debug: run package(reference-image) handler(enable) success!
3-25-2024 09:52:43-debug: run package(reflection-probe) handler(enable) success!
3-25-2024 09:52:43-debug: run package(engine-extends) handler(enable) success!
3-25-2024 09:52:43-debug: run package(adsense-h5g-plugin) handler(enable) start
3-25-2024 09:52:43-debug: run package(adsense-h5g-plugin) handler(enable) success!
3-25-2024 09:52:43-debug: run package(engine-extends) handler(enable) start
3-25-2024 09:52:43-debug: run package(alipay-mini-game) handler(enable) start
3-25-2024 09:52:43-debug: run package(alipay-mini-game) handler(enable) success!
3-25-2024 09:52:43-debug: run package(android) handler(enable) start
3-25-2024 09:52:43-debug: run package(bytedance-mini-game) handler(enable) start
3-25-2024 09:52:43-debug: run package(bytedance-mini-game) handler(enable) success!
3-25-2024 09:52:43-debug: run package(android) handler(enable) success!
3-25-2024 09:52:43-debug: run package(node-library) handler(enable) start
3-25-2024 09:52:43-debug: run package(channel-upload-tools) handler(enable) start
3-25-2024 09:52:43-debug: run package(channel-upload-tools) handler(enable) success!
3-25-2024 09:52:43-debug: run package(certificate) handler(enable) start
3-25-2024 09:52:43-debug: run package(certificate) handler(enable) success!
3-25-2024 09:52:43-debug: run package(fb-instant-games) handler(enable) start
3-25-2024 09:52:43-debug: run package(huawei-agc) handler(enable) success!
3-25-2024 09:52:43-debug: run package(fb-instant-games) handler(enable) success!
3-25-2024 09:52:43-debug: run package(huawei-agc) handler(enable) start
3-25-2024 09:52:43-debug: run package(huawei-quick-game) handler(enable) start
3-25-2024 09:52:43-debug: run package(huawei-quick-game) handler(enable) success!
3-25-2024 09:52:43-debug: run package(linux) handler(enable) start
3-25-2024 09:52:43-debug: run package(ios) handler(enable) success!
3-25-2024 09:52:43-debug: run package(ios) handler(enable) start
3-25-2024 09:52:43-debug: run package(linux) handler(enable) success!
3-25-2024 09:52:43-debug: run package(mac) handler(enable) start
3-25-2024 09:52:43-debug: run package(mac) handler(enable) success!
3-25-2024 09:52:43-debug: run package(native) handler(enable) success!
3-25-2024 09:52:43-debug: run package(ohos) handler(enable) start
3-25-2024 09:52:43-debug: run package(native) handler(enable) start
3-25-2024 09:52:43-debug: run package(ohos) handler(enable) success!
3-25-2024 09:52:43-debug: run package(openharmony) handler(enable) success!
3-25-2024 09:52:43-debug: run package(openharmony) handler(enable) start
3-25-2024 09:52:43-debug: run package(oppo-mini-game) handler(enable) success!
3-25-2024 09:52:43-debug: run package(runtime-dev-tools) handler(enable) start
3-25-2024 09:52:43-debug: run package(runtime-dev-tools) handler(enable) success!
3-25-2024 09:52:43-debug: run package(taobao-creative-app) handler(enable) start
3-25-2024 09:52:43-debug: run package(taobao-creative-app) handler(enable) success!
3-25-2024 09:52:43-debug: run package(taobao-mini-game) handler(enable) success!
3-25-2024 09:52:43-debug: run package(oppo-mini-game) handler(enable) start
3-25-2024 09:52:43-debug: run package(vivo-mini-game) handler(enable) success!
3-25-2024 09:52:43-debug: run package(web-desktop) handler(enable) start
3-25-2024 09:52:43-debug: run package(vivo-mini-game) handler(enable) start
3-25-2024 09:52:43-debug: run package(web-mobile) handler(enable) start
3-25-2024 09:52:43-debug: run package(taobao-mini-game) handler(enable) start
3-25-2024 09:52:43-debug: run package(web-mobile) handler(enable) success!
3-25-2024 09:52:43-debug: run package(wechatgame) handler(enable) start
3-25-2024 09:52:43-debug: run package(web-desktop) handler(enable) success!
3-25-2024 09:52:43-debug: run package(wechatprogram) handler(enable) success!
3-25-2024 09:52:43-debug: run package(wechatgame) handler(enable) success!
3-25-2024 09:52:43-debug: run package(windows) handler(enable) start
3-25-2024 09:52:43-debug: run package(wechatprogram) handler(enable) start
3-25-2024 09:52:43-debug: run package(xiaomi-quick-game) handler(enable) start
3-25-2024 09:52:43-debug: run package(xiaomi-quick-game) handler(enable) success!
3-25-2024 09:52:43-debug: run package(windows) handler(enable) success!
3-25-2024 09:52:43-debug: run package(cocos-service) handler(enable) start
3-25-2024 09:52:43-debug: run package(cocos-service) handler(enable) success!
3-25-2024 09:52:43-debug: run package(im-plugin) handler(enable) start
3-25-2024 09:52:43-debug: run package(prefab380fix) handler(enable) start
3-25-2024 09:52:43-debug: run package(prefab380fix) handler(enable) success!
3-25-2024 09:52:43-debug: run package(placeholder) handler(enable) success!
3-25-2024 09:52:43-debug: run package(im-plugin) handler(enable) success!
3-25-2024 09:52:43-debug: run package(placeholder) handler(enable) start
3-25-2024 09:52:43-debug: Set detail map pack:///resolution-detail-map.json: {}
3-25-2024 09:52:43-debug: Run asset db hook engine-extends:afterPreStart success!
3-25-2024 09:52:43-debug: [Assets Memory track]: asset-db:worker-init: preStart start:91.74MB, end 240.72MB, increase: 148.98MB
3-25-2024 09:52:43-debug: Run asset db hook engine-extends:afterPreStart ...
3-25-2024 09:52:43-debug: Run asset db hook programming:afterPreStart success!
3-25-2024 09:52:43-debug: Start up the 'internal' database...
3-25-2024 09:52:43-debug: asset-db-hook-programming-afterPreStart (9114ms)
3-25-2024 09:52:43-debug: asset-db:worker-effect-data-processing (88ms)
3-25-2024 09:52:43-debug: asset-db-hook-engine-extends-afterPreStart (88ms)
3-25-2024 09:52:44-debug: start asset-db with asset: 460
3-25-2024 09:52:44-debug: [Assets Memory track]: asset-db:worker-startup-database[internal] start:109.37MB, end 238.40MB, increase: 129.03MB
3-25-2024 09:52:44-debug: Start up the 'assets' database...
3-25-2024 09:52:44-debug: asset-db:worker-startup-database[internal] (10623ms)
3-25-2024 09:52:44-debug: start asset-db with asset: 113
3-25-2024 09:52:44-debug: [Assets Memory track]: asset-db:worker-startup-database[assets] start:105.93MB, end 240.30MB, increase: 134.38MB
3-25-2024 09:52:44-debug: asset-db:worker-startup-database[assets] (10416ms)
3-25-2024 09:52:44-debug: asset-db:start-database (11528ms)
3-25-2024 09:52:44-debug: asset-db:ready (18021ms)
3-25-2024 09:52:44-debug: init worker message success
3-25-2024 09:52:45-debug: [Build Memory track]: builder:worker-init start:236.47MB, end 251.35MB, increase: 14.89MB
3-25-2024 09:52:45-debug: programming:execute-script (789ms)
3-25-2024 09:52:45-debug: builder:worker-init (771ms)
3-25-2024 09:52:47-debug: programming:execute-script (6ms)
3-25-2024 09:52:53-debug: refresh db internal success
3-25-2024 09:52:53-debug: refresh db assets success
3-25-2024 09:52:53-debug: Run asset db hook engine-extends:afterRefresh ...
3-25-2024 09:52:53-debug: Run asset db hook engine-extends:afterRefresh success!
3-25-2024 09:52:53-debug: asset-db:refresh-all-database (101ms)
3-25-2024 09:52:53-debug: asset-db:worker-effect-data-processing (1ms)
3-25-2024 09:52:53-debug: asset-db-hook-engine-extends-afterRefresh (1ms)
3-25-2024 09:52:57-debug: Query all assets info in project
3-25-2024 09:52:57-debug: init custom config: keepNodeUuid: false, useCache: true
3-25-2024 09:52:57-debug:   Number of all scripts: 17
3-25-2024 09:52:57-debug:   Number of other assets: 482
3-25-2024 09:52:57-debug:   Number of all scenes: 2
3-25-2024 09:52:58-debug: reload all scripts.
3-25-2024 09:52:58-debug: Incremental keys: 
3-25-2024 09:52:58-debug: Set detail map pack:///resolution-detail-map.json: {}
3-25-2024 09:52:58-debug: D:\Cocos Creator\Sky-Hunter\NewProject\temp\programming\packer-driver\targets\editor\chunks\ce\cee638a986ad8fae09398db255647defcaa6612a.js resolved to D:\Cocos Creator\Sky-Hunter\NewProject\temp\programming\packer-driver\targets\editor\chunks\ce\cee638a986ad8fae09398db255647defcaa6612a.js is not in module cache!
3-25-2024 09:52:58-debug: [[Executor]] Module "cce:/internal/x/cc-fu/base" loaded.
3-25-2024 09:52:58-debug: [[Executor]] Module "cce:/internal/x/cc-fu/gfx-webgl" loaded.
3-25-2024 09:52:58-debug: [[Executor]] Module "cce:/internal/x/cc-fu/gfx-empty" loaded.
3-25-2024 09:52:58-debug: [[Executor]] Module "cce:/internal/x/cc-fu/skeletal-animation" loaded.
3-25-2024 09:52:58-debug: [[Executor]] Module "cce:/internal/x/cc-fu/gfx-webgl2" loaded.
3-25-2024 09:52:58-debug: [[Executor]] Module "cce:/internal/x/cc-fu/2d" loaded.
3-25-2024 09:52:58-debug: [[Executor]] Module "cce:/internal/x/cc-fu/3d" loaded.
3-25-2024 09:52:58-debug: [[Executor]] Module "cce:/internal/x/cc-fu/animation" loaded.
3-25-2024 09:52:58-debug: [[Executor]] Module "cce:/internal/x/cc-fu/ui" loaded.
3-25-2024 09:52:58-debug: [[Executor]] Module "cce:/internal/x/cc-fu/particle" loaded.
3-25-2024 09:52:58-debug: [[Executor]] Module "cce:/internal/x/cc-fu/physics-framework" loaded.
3-25-2024 09:52:58-debug: [[Executor]] Module "cce:/internal/x/cc-fu/particle-2d" loaded.
3-25-2024 09:52:58-debug: [[Executor]] Module "cce:/internal/x/cc-fu/intersection-2d" loaded.
3-25-2024 09:52:58-debug: [[Executor]] Module "cce:/internal/x/cc-fu/physics-2d-framework" loaded.
3-25-2024 09:52:58-debug: [[Executor]] Module "cce:/internal/x/cc-fu/sorting" loaded.
3-25-2024 09:52:58-debug: [[Executor]] Module "cce:/internal/x/cc-fu/profiler" loaded.
3-25-2024 09:52:58-debug: [[Executor]] Module "cce:/internal/x/cc-fu/primitive" loaded.
3-25-2024 09:52:58-debug: [[Executor]] Module "cce:/internal/x/cc-fu/video" loaded.
3-25-2024 09:52:58-debug: [[Executor]] Module "cce:/internal/x/cc-fu/geometry-renderer" loaded.
3-25-2024 09:52:58-debug: [[Executor]] Module "cce:/internal/x/cc-fu/light-probe" loaded.
3-25-2024 09:52:58-debug: [[Executor]] Module "cce:/internal/x/cc-fu/audio" loaded.
3-25-2024 09:52:58-debug: [[Executor]] Module "cce:/internal/x/cc-fu/terrain" loaded.
3-25-2024 09:52:58-debug: [[Executor]] Module "cce:/internal/x/cc-fu/webview" loaded.
3-25-2024 09:52:58-debug: [[Executor]] Module "cce:/internal/x/cc-fu/tiled-map" loaded.
3-25-2024 09:52:58-debug: [[Executor]] Module "cce:/internal/x/cc-fu/xr" loaded.
3-25-2024 09:52:58-debug: [[Executor]] Module "cce:/internal/x/cc-fu/tween" loaded.
3-25-2024 09:52:58-debug: [[Executor]] Module "cce:/internal/x/cc-fu/dragon-bones" loaded.
3-25-2024 09:52:58-debug: [[Executor]] Module "cce:/internal/x/cc-fu/custom-pipeline" loaded.
3-25-2024 09:52:58-debug: [[Executor]] Module "cce:/internal/x/cc-fu/spine" loaded.
3-25-2024 09:52:58-debug: [[Executor]] Module "cce:/internal/x/cc-fu/gfx-webgl" loaded.
3-25-2024 09:52:58-debug: [[Executor]] Module "cce:/internal/x/cc-fu/gfx-webgl2" loaded.
3-25-2024 09:52:58-debug: [[Executor]] Module "cce:/internal/x/cc-fu/base" loaded.
3-25-2024 09:52:58-debug: [[Executor]] Module "cce:/internal/x/cc-fu/gfx-empty" loaded.
3-25-2024 09:52:58-debug: [[Executor]] Module "cce:/internal/x/cc-fu/3d" loaded.
3-25-2024 09:52:58-debug: [[Executor]] Module "cce:/internal/x/cc-fu/animation" loaded.
3-25-2024 09:52:58-debug: [[Executor]] Module "cce:/internal/x/cc-fu/skeletal-animation" loaded.
3-25-2024 09:52:58-debug: [[Executor]] Module "cce:/internal/x/cc-fu/sorting" loaded.
3-25-2024 09:52:58-debug: [[Executor]] Module "cce:/internal/x/cc-fu/2d" loaded.
3-25-2024 09:52:58-debug: [[Executor]] Module "cce:/internal/x/cc-fu/particle" loaded.
3-25-2024 09:52:58-debug: [[Executor]] Module "cce:/internal/x/cc-fu/particle-2d" loaded.
3-25-2024 09:52:58-debug: [[Executor]] Module "cce:/internal/x/cc-fu/physics-framework" loaded.
3-25-2024 09:52:58-debug: [[Executor]] Module "cce:/internal/x/cc-fu/physics-2d-framework" loaded.
3-25-2024 09:52:58-debug: [[Executor]] Module "cce:/internal/x/cc-fu/intersection-2d" loaded.
3-25-2024 09:52:58-debug: [[Executor]] Module "cce:/internal/x/cc-fu/profiler" loaded.
3-25-2024 09:52:58-debug: [[Executor]] Module "cce:/internal/x/cc-fu/primitive" loaded.
3-25-2024 09:52:58-debug: [[Executor]] Module "cce:/internal/x/cc-fu/geometry-renderer" loaded.
3-25-2024 09:52:58-debug: [[Executor]] Module "cce:/internal/x/cc-fu/audio" loaded.
3-25-2024 09:52:58-debug: [[Executor]] Module "cce:/internal/x/cc-fu/video" loaded.
3-25-2024 09:52:58-debug: [[Executor]] Module "cce:/internal/x/cc-fu/ui" loaded.
3-25-2024 09:52:58-debug: [[Executor]] Module "cce:/internal/x/cc-fu/xr" loaded.
3-25-2024 09:52:58-debug: [[Executor]] Module "cce:/internal/x/cc-fu/terrain" loaded.
3-25-2024 09:52:58-debug: [[Executor]] Module "cce:/internal/x/cc-fu/webview" loaded.
3-25-2024 09:52:58-debug: [[Executor]] Module "cce:/internal/x/cc-fu/light-probe" loaded.
3-25-2024 09:52:58-debug: [[Executor]] Module "cce:/internal/x/cc-fu/tiled-map" loaded.
3-25-2024 09:52:58-debug: [[Executor]] Module "cce:/internal/x/cc-fu/dragon-bones" loaded.
3-25-2024 09:52:58-debug: [[Executor]] Module "cce:/internal/x/cc-fu/custom-pipeline" loaded.
3-25-2024 09:52:58-debug: [[Executor]] Module "pack:///chunks/ce/cee638a986ad8fae09398db255647defcaa6612a.js" loaded.
3-25-2024 09:52:58-debug: [[Executor]] Module "cce:/internal/x/cc-fu/tween" loaded.
3-25-2024 09:52:58-debug: Invalidating 'pack:///chunks/ce/cee638a986ad8fae09398db255647defcaa6612a.js'
3-25-2024 09:52:58-debug: [[Executor]] Module "pack:///chunks/ce/cee638a986ad8fae09398db255647defcaa6612a.js" loaded.
3-25-2024 09:52:58-debug: [[Executor]] Module "cce:/internal/x/cc-fu/spine" loaded.
3-25-2024 09:52:58-debug: D:\Cocos Creator\Sky-Hunter\NewProject\temp\programming\packer-driver\targets\editor\chunks\d1\d17b9bb2f783fb1aa2a6d480e65047caf768f813.js resolved to D:\Cocos Creator\Sky-Hunter\NewProject\temp\programming\packer-driver\targets\editor\chunks\d1\d17b9bb2f783fb1aa2a6d480e65047caf768f813.js is not in module cache!
3-25-2024 09:52:58-debug: [[Executor]] Module "pack:///chunks/d1/d17b9bb2f783fb1aa2a6d480e65047caf768f813.js" loaded.
3-25-2024 09:52:58-debug: D:\Cocos Creator\Sky-Hunter\NewProject\temp\programming\packer-driver\targets\editor\chunks\1f\1feb0183e1ee4ce1428ca0c6a426a91db556c845.js resolved to D:\Cocos Creator\Sky-Hunter\NewProject\temp\programming\packer-driver\targets\editor\chunks\1f\1feb0183e1ee4ce1428ca0c6a426a91db556c845.js is not in module cache!
3-25-2024 09:52:58-debug: [[Executor]] Module "pack:///chunks/1f/1feb0183e1ee4ce1428ca0c6a426a91db556c845.js" loaded.
3-25-2024 09:52:58-debug: [[Executor]] Register DebugViewRuntimeControl
3-25-2024 09:52:58-debug: D:\Cocos Creator\Sky-Hunter\NewProject\temp\programming\packer-driver\targets\editor\chunks\18\186f2c31a4b79f4ac1a9a19786a5389515f1b329.js resolved to D:\Cocos Creator\Sky-Hunter\NewProject\temp\programming\packer-driver\targets\editor\chunks\18\186f2c31a4b79f4ac1a9a19786a5389515f1b329.js is not in module cache!
3-25-2024 09:52:58-debug: [[Executor]] Register AudioToggle
3-25-2024 09:52:58-debug: [[Executor]] Module "pack:///chunks/18/186f2c31a4b79f4ac1a9a19786a5389515f1b329.js" loaded.
3-25-2024 09:52:58-debug: D:\Cocos Creator\Sky-Hunter\NewProject\temp\programming\packer-driver\targets\editor\chunks\aa\aa86cf75d9a8eda494d3cc13ef643bb96f426021.js resolved to D:\Cocos Creator\Sky-Hunter\NewProject\temp\programming\packer-driver\targets\editor\chunks\aa\aa86cf75d9a8eda494d3cc13ef643bb96f426021.js is not in module cache!
3-25-2024 09:52:58-debug: D:\Cocos Creator\Sky-Hunter\NewProject\temp\programming\packer-driver\targets\editor\chunks\be\be027f973d8ff1c6fe3dcfebbc993118a793ec1b.js resolved to D:\Cocos Creator\Sky-Hunter\NewProject\temp\programming\packer-driver\targets\editor\chunks\be\be027f973d8ff1c6fe3dcfebbc993118a793ec1b.js is not in module cache!
3-25-2024 09:52:58-debug: D:\Cocos Creator\Sky-Hunter\NewProject\temp\programming\packer-driver\targets\editor\chunks\6e\6eac0ec7a347038fea29c23472315b259bcb4959.js resolved to D:\Cocos Creator\Sky-Hunter\NewProject\temp\programming\packer-driver\targets\editor\chunks\6e\6eac0ec7a347038fea29c23472315b259bcb4959.js is not in module cache!
3-25-2024 09:52:58-debug: D:\Cocos Creator\Sky-Hunter\NewProject\temp\programming\packer-driver\targets\editor\chunks\8e\8e55c3766b8ab03e2478642cb7e745de0d7a0320.js resolved to D:\Cocos Creator\Sky-Hunter\NewProject\temp\programming\packer-driver\targets\editor\chunks\8e\8e55c3766b8ab03e2478642cb7e745de0d7a0320.js is not in module cache!
3-25-2024 09:52:58-debug: D:\Cocos Creator\Sky-Hunter\NewProject\temp\programming\packer-driver\targets\editor\chunks\3a\3add57bd010a9b193c7b0e197459c852e401627f.js resolved to D:\Cocos Creator\Sky-Hunter\NewProject\temp\programming\packer-driver\targets\editor\chunks\3a\3add57bd010a9b193c7b0e197459c852e401627f.js is not in module cache!
3-25-2024 09:52:58-debug: [[Executor]] Register ButtonPlayScene
3-25-2024 09:52:58-debug: [[Executor]] Module "pack:///chunks/3a/3add57bd010a9b193c7b0e197459c852e401627f.js" loaded.
3-25-2024 09:52:58-debug: [[Executor]] Module "pack:///chunks/be/be027f973d8ff1c6fe3dcfebbc993118a793ec1b.js" loaded.
3-25-2024 09:52:58-debug: [[Executor]] Register Plane
3-25-2024 09:52:58-debug: [[Executor]] Module "pack:///chunks/8e/8e55c3766b8ab03e2478642cb7e745de0d7a0320.js" loaded.
3-25-2024 09:52:58-debug: [[Executor]] Module "pack:///chunks/6e/6eac0ec7a347038fea29c23472315b259bcb4959.js" loaded.
3-25-2024 09:52:58-debug: [[Executor]] Register GameCtrl
3-25-2024 09:52:58-debug: [[Executor]] Module "pack:///chunks/aa/aa86cf75d9a8eda494d3cc13ef643bb96f426021.js" loaded.
3-25-2024 09:52:58-debug: [[Executor]] Register Background
3-25-2024 09:52:58-debug: D:\Cocos Creator\Sky-Hunter\NewProject\temp\programming\packer-driver\targets\editor\chunks\5e\5e1c60f7cce4096761ae07695e21ab0428014ca1.js resolved to D:\Cocos Creator\Sky-Hunter\NewProject\temp\programming\packer-driver\targets\editor\chunks\5e\5e1c60f7cce4096761ae07695e21ab0428014ca1.js is not in module cache!
3-25-2024 09:52:58-debug: [[Executor]] Register Boss
3-25-2024 09:52:58-debug: [[Executor]] Module "pack:///chunks/5e/5e1c60f7cce4096761ae07695e21ab0428014ca1.js" loaded.
3-25-2024 09:52:58-debug: D:\Cocos Creator\Sky-Hunter\NewProject\temp\programming\packer-driver\targets\editor\chunks\0d\0dd83066758d688044f08af7c1576796f3e1df94.js resolved to D:\Cocos Creator\Sky-Hunter\NewProject\temp\programming\packer-driver\targets\editor\chunks\0d\0dd83066758d688044f08af7c1576796f3e1df94.js is not in module cache!
3-25-2024 09:52:58-debug: [[Executor]] Module "pack:///chunks/0d/0dd83066758d688044f08af7c1576796f3e1df94.js" loaded.
3-25-2024 09:52:58-debug: [[Executor]] Register Boss1
3-25-2024 09:52:58-debug: D:\Cocos Creator\Sky-Hunter\NewProject\temp\programming\packer-driver\targets\editor\chunks\fc\fcc0bc59beac1d9d8f254ff0bb46f0c1285e884a.js resolved to D:\Cocos Creator\Sky-Hunter\NewProject\temp\programming\packer-driver\targets\editor\chunks\fc\fcc0bc59beac1d9d8f254ff0bb46f0c1285e884a.js is not in module cache!
3-25-2024 09:52:58-debug: [[Executor]] Register Boss2
3-25-2024 09:52:58-debug: [[Executor]] Module "pack:///chunks/fc/fcc0bc59beac1d9d8f254ff0bb46f0c1285e884a.js" loaded.
3-25-2024 09:52:58-debug: D:\Cocos Creator\Sky-Hunter\NewProject\temp\programming\packer-driver\targets\editor\chunks\92\92dfb17a7873bfc99a5a7ebc8a2a3862afce68e5.js resolved to D:\Cocos Creator\Sky-Hunter\NewProject\temp\programming\packer-driver\targets\editor\chunks\92\92dfb17a7873bfc99a5a7ebc8a2a3862afce68e5.js is not in module cache!
3-25-2024 09:52:58-debug: [[Executor]] Register Boss3
3-25-2024 09:52:58-debug: [[Executor]] Module "pack:///chunks/92/92dfb17a7873bfc99a5a7ebc8a2a3862afce68e5.js" loaded.
3-25-2024 09:52:58-debug: D:\Cocos Creator\Sky-Hunter\NewProject\temp\programming\packer-driver\targets\editor\chunks\28\289db4064620b78184b837b98ac62556ff0ee236.js resolved to D:\Cocos Creator\Sky-Hunter\NewProject\temp\programming\packer-driver\targets\editor\chunks\28\289db4064620b78184b837b98ac62556ff0ee236.js is not in module cache!
3-25-2024 09:52:58-debug: [[Executor]] Module "pack:///chunks/28/289db4064620b78184b837b98ac62556ff0ee236.js" loaded.
3-25-2024 09:52:58-debug: [[Executor]] Register Bullet
3-25-2024 09:52:58-debug: D:\Cocos Creator\Sky-Hunter\NewProject\temp\programming\packer-driver\targets\editor\chunks\86\86acc8d24eb075b1f0591d64c9fba103f803a678.js resolved to D:\Cocos Creator\Sky-Hunter\NewProject\temp\programming\packer-driver\targets\editor\chunks\86\86acc8d24eb075b1f0591d64c9fba103f803a678.js is not in module cache!
3-25-2024 09:52:58-debug: [[Executor]] Register BulletE
3-25-2024 09:52:58-debug: [[Executor]] Module "pack:///chunks/86/86acc8d24eb075b1f0591d64c9fba103f803a678.js" loaded.
3-25-2024 09:52:58-debug: D:\Cocos Creator\Sky-Hunter\NewProject\temp\programming\packer-driver\targets\editor\chunks\f4\f46a2748e25dbee3033b0b5dcb204a6b2a4956d7.js resolved to D:\Cocos Creator\Sky-Hunter\NewProject\temp\programming\packer-driver\targets\editor\chunks\f4\f46a2748e25dbee3033b0b5dcb204a6b2a4956d7.js is not in module cache!
3-25-2024 09:52:58-debug: [[Executor]] Module "pack:///chunks/f4/f46a2748e25dbee3033b0b5dcb204a6b2a4956d7.js" loaded.
3-25-2024 09:52:58-debug: [[Executor]] Register ButtonMenuScene
3-25-2024 09:52:58-debug: D:\Cocos Creator\Sky-Hunter\NewProject\temp\programming\packer-driver\targets\editor\chunks\6c\6c6dcd4d5a6d3239924891fb3fedca629d47b70a.js resolved to D:\Cocos Creator\Sky-Hunter\NewProject\temp\programming\packer-driver\targets\editor\chunks\6c\6c6dcd4d5a6d3239924891fb3fedca629d47b70a.js is not in module cache!
3-25-2024 09:52:58-debug: [[Executor]] Register Enemy
3-25-2024 09:52:58-debug: [[Executor]] Module "pack:///chunks/6c/6c6dcd4d5a6d3239924891fb3fedca629d47b70a.js" loaded.
3-25-2024 09:52:58-debug: D:\Cocos Creator\Sky-Hunter\NewProject\temp\programming\packer-driver\targets\editor\chunks\25\25ad9dc178951ca5c3c9c407da6d1f5fef195522.js resolved to D:\Cocos Creator\Sky-Hunter\NewProject\temp\programming\packer-driver\targets\editor\chunks\25\25ad9dc178951ca5c3c9c407da6d1f5fef195522.js is not in module cache!
3-25-2024 09:52:58-debug: [[Executor]] Module "pack:///chunks/25/25ad9dc178951ca5c3c9c407da6d1f5fef195522.js" loaded.
3-25-2024 09:52:58-debug: [[Executor]] Register Helicopter
3-25-2024 09:52:58-debug: D:\Cocos Creator\Sky-Hunter\NewProject\temp\programming\packer-driver\targets\editor\chunks\df\df79a19cbd423fad83459f04c0260ef1ddd9f247.js resolved to D:\Cocos Creator\Sky-Hunter\NewProject\temp\programming\packer-driver\targets\editor\chunks\df\df79a19cbd423fad83459f04c0260ef1ddd9f247.js is not in module cache!
3-25-2024 09:52:58-debug: [[Executor]] Module "pack:///chunks/df/df79a19cbd423fad83459f04c0260ef1ddd9f247.js" loaded.
3-25-2024 09:52:58-debug: [[Executor]] Register Item
3-25-2024 09:52:58-debug: D:\Cocos Creator\Sky-Hunter\NewProject\temp\programming\packer-driver\targets\editor\chunks\5c\5c965b523ceda4f6020b112a72a07d7ef4092cdf.js resolved to D:\Cocos Creator\Sky-Hunter\NewProject\temp\programming\packer-driver\targets\editor\chunks\5c\5c965b523ceda4f6020b112a72a07d7ef4092cdf.js is not in module cache!
3-25-2024 09:52:58-debug: [[Executor]] Register JoyStick
3-25-2024 09:52:58-debug: [[Executor]] Module "pack:///chunks/d1/d17b9bb2f783fb1aa2a6d480e65047caf768f813.js" loaded.
3-25-2024 09:52:58-debug: [[Executor]] Module "pack:///chunks/5c/5c965b523ceda4f6020b112a72a07d7ef4092cdf.js" loaded.
3-25-2024 09:52:58-debug: // ---- build task Query asset bundle ----
3-25-2024 09:52:58-debug: Query asset bundle start0%
3-25-2024 09:52:58-debug: Query preload assets from cc.config.json: 60f7195c-ec2a-45eb-ba94-8955f60e81d0,1c02ae6f-4492-4915-b8f8-7492a3b1e4cd,810e96e4-e456-4468-9b59-f4e8f39732c0,efe8e2a3-eace-427b-b4f1-cb8a937ec77d,e9aa9a3e-5b2b-4ac7-a2c7-073de2b2b24f,8bbdbcdd-5cd4-4100-b6d5-b7c9625b6107,50f4348b-c883-4e2f-8f11-ce233b859fa1,fda095cb-831d-4601-ad94-846013963de8,f92806d7-1768-443f-afe8-12bcde84d0f0,dd3a144d-ab7f-41f0-82b8-2e43a090d496,f0416e68-0200-4b77-a926-4f9d16e494da,970b0598-bcb0-4714-91fb-2e81440dccd8,bcd64cc6-2dd9-43f6-abbe-66318d332032,d930590d-bb92-4cc8-8bd1-23cd027f9edf,a3cd009f-0ab0-420d-9278-b9fdab939bbc,c27215d8-6835-4b68-bfbb-bdeac6100c04,b5d6115f-0370-4d7c-aad3-c194cc71cf98,871c3b6c-7379-419d-bda3-794b239ab90d
3-25-2024 09:52:58-debug: // ---- build task Query asset bundle ---- (35ms)
3-25-2024 09:52:58-debug: run build task Query asset bundle success in 35 ms √5%
3-25-2024 09:52:58-debug: // ---- build task Query asset bundle ----
3-25-2024 09:52:58-debug: [Build Memory track]: Query asset bundle start:233.68MB, end 236.40MB, increase: 2.72MB
3-25-2024 09:52:58-debug: Query asset bundle start5%
3-25-2024 09:52:58-debug: // ---- build task Query asset bundle ---- (1ms)
3-25-2024 09:52:58-debug: run build task Query asset bundle success in 1 ms √10%
3-25-2024 09:52:58-debug: // ---- build task Sort some build options to settings.json ----
3-25-2024 09:52:58-debug: [Build Memory track]: Query asset bundle start:236.45MB, end 236.47MB, increase: 21.08KB
3-25-2024 09:52:58-debug: Sort some build options to settings.json start10%
3-25-2024 09:52:58-debug: run build task Sort some build options to settings.json success in 0 ms √12%
3-25-2024 09:52:58-debug: [Build Memory track]: Sort some build options to settings.json start:236.49MB, end 236.50MB, increase: 13.01KB
3-25-2024 09:52:58-debug: // ---- build task Fill script data to settings ----
3-25-2024 09:52:58-debug: Fill script data to settings start12%
3-25-2024 09:52:58-debug: run build task Fill script data to settings success in 0 ms √13%
3-25-2024 09:52:58-debug: [Build Memory track]: Fill script data to settings start:236.51MB, end 236.52MB, increase: 12.14KB
3-25-2024 09:52:58-debug: Sort some build options to settings.json start13%
3-25-2024 09:52:58-debug: // ---- build task Sort some build options to settings.json ----
3-25-2024 09:52:58-debug: // ---- build task Sort some build options to settings.json ---- (2ms)
3-25-2024 09:52:58-debug: run build task Sort some build options to settings.json success in 2 ms √15%
3-25-2024 09:52:58-debug: [Build Memory track]: Sort some build options to settings.json start:236.54MB, end 236.60MB, increase: 66.08KB
3-25-2024 10:03:22-debug: refresh db internal success
3-25-2024 10:03:22-debug: refresh db assets success
3-25-2024 10:03:22-debug: Run asset db hook engine-extends:afterRefresh ...
3-25-2024 10:03:22-debug: Run asset db hook engine-extends:afterRefresh success!
3-25-2024 10:03:22-debug: asset-db:refresh-all-database (103ms)
3-25-2024 10:03:22-debug: asset-db:worker-effect-data-processing (2ms)
3-25-2024 10:03:22-debug: asset-db-hook-engine-extends-afterRefresh (2ms)
3-25-2024 10:03:28-debug: refresh db internal success
3-25-2024 10:03:28-debug: refresh db assets success
3-25-2024 10:03:28-debug: Run asset db hook engine-extends:afterRefresh ...
3-25-2024 10:03:28-debug: Run asset db hook engine-extends:afterRefresh success!
3-25-2024 10:03:28-debug: asset-db:refresh-all-database (93ms)
3-25-2024 10:03:28-debug: asset-db-hook-engine-extends-afterRefresh (1ms)
3-25-2024 10:03:28-debug: asset-db:worker-effect-data-processing (1ms)
3-25-2024 10:17:43-debug: refresh db internal success
3-25-2024 10:17:43-debug: refresh db assets success
3-25-2024 10:17:43-debug: Run asset db hook engine-extends:afterRefresh ...
3-25-2024 10:17:43-debug: Run asset db hook engine-extends:afterRefresh success!
3-25-2024 10:17:43-debug: asset-db:refresh-all-database (124ms)
3-25-2024 10:18:00-debug: refresh db internal success
3-25-2024 10:18:00-debug: refresh db assets success
3-25-2024 10:18:00-debug: Run asset db hook engine-extends:afterRefresh success!
3-25-2024 10:18:00-debug: Run asset db hook engine-extends:afterRefresh ...
3-25-2024 10:18:00-debug: asset-db:refresh-all-database (87ms)
3-25-2024 10:18:00-debug: asset-db:worker-effect-data-processing (1ms)
3-25-2024 10:18:00-debug: asset-db-hook-engine-extends-afterRefresh (1ms)
3-25-2024 10:24:22-debug: refresh db internal success
3-25-2024 10:24:22-debug: refresh db assets success
3-25-2024 10:24:22-debug: Run asset db hook engine-extends:afterRefresh ...
3-25-2024 10:24:22-debug: Run asset db hook engine-extends:afterRefresh success!
3-25-2024 10:24:22-debug: asset-db:refresh-all-database (89ms)
3-25-2024 10:24:22-debug: asset-db:worker-effect-data-processing (1ms)
3-25-2024 10:24:22-debug: asset-db-hook-engine-extends-afterRefresh (1ms)
3-25-2024 10:25:31-debug: refresh db internal success
3-25-2024 10:25:31-debug: refresh db assets success
3-25-2024 10:25:31-debug: Run asset db hook engine-extends:afterRefresh ...
3-25-2024 10:25:31-debug: Run asset db hook engine-extends:afterRefresh success!
3-25-2024 10:25:31-debug: asset-db:refresh-all-database (106ms)
3-25-2024 10:25:31-debug: asset-db:worker-effect-data-processing (1ms)
3-25-2024 10:25:31-debug: asset-db-hook-engine-extends-afterRefresh (2ms)
3-25-2024 10:28:28-debug: refresh db internal success
3-25-2024 10:28:28-debug: refresh db assets success
3-25-2024 10:28:28-debug: Run asset db hook engine-extends:afterRefresh ...
3-25-2024 10:28:28-debug: Run asset db hook engine-extends:afterRefresh success!
3-25-2024 10:28:28-debug: asset-db:refresh-all-database (73ms)
3-25-2024 10:28:28-debug: asset-db:worker-effect-data-processing (1ms)
3-25-2024 10:28:28-debug: asset-db-hook-engine-extends-afterRefresh (1ms)
3-25-2024 10:28:39-debug: refresh db internal success
3-25-2024 10:28:39-debug: refresh db assets success
3-25-2024 10:28:39-debug: Run asset db hook engine-extends:afterRefresh ...
3-25-2024 10:28:39-debug: Run asset db hook engine-extends:afterRefresh success!
3-25-2024 10:28:39-debug: asset-db:refresh-all-database (67ms)
3-25-2024 10:28:39-debug: asset-db:worker-effect-data-processing (2ms)
3-25-2024 10:28:39-debug: asset-db-hook-engine-extends-afterRefresh (2ms)
3-25-2024 10:34:26-debug: refresh db internal success
3-25-2024 10:34:26-debug: refresh db assets success
3-25-2024 10:34:26-debug: Run asset db hook engine-extends:afterRefresh ...
3-25-2024 10:34:26-debug: Run asset db hook engine-extends:afterRefresh success!
3-25-2024 10:34:26-debug: asset-db:refresh-all-database (69ms)
3-25-2024 10:34:26-debug: asset-db:worker-effect-data-processing (2ms)
3-25-2024 10:34:26-debug: asset-db-hook-engine-extends-afterRefresh (2ms)
